[33m[nodemon] 1.11.0[39m
[33m[nodemon] to restart at any time, enter `rs`[39m
[33m[nodemon] watching: *.*[39m
[32m[nodemon] starting `node /root/www/bin/www`[39m
[0mGET / [32m200 [0m49.006 ms - 4366[0m
[0mGET /stylesheets/style.css [36m304 [0m7.135 ms - -[0m
[0mGET /favicon.ico [33m404 [0m5.084 ms - 23[0m
[0mGET / [32m200 [0m8.034 ms - 4366[0m
[0mGET /stylesheets/style.css [32m200 [0m7.244 ms - 1296[0m
[0mGET /favicon.ico [33m404 [0m2.655 ms - 23[0m
[0mGET / [32m200 [0m4.534 ms - 4366[0m
[0mGET /stylesheets/style.css [32m200 [0m6.871 ms - 1296[0m
[0mGET /favicon.ico [33m404 [0m3.173 ms - 23[0m
[0mGET /game [32m200 [0m8.257 ms - 2804[0m
[0mGET /stylesheets/style.css [36m304 [0m3.051 ms - -[0m
[0mGET /js/libs/socket.io.min.js [32m200 [0m8.180 ms - 72202[0m
[0mGET /js/chat.js [32m200 [0m1.604 ms - 3444[0m
[0mGET /stylesheets/style.css [36m304 [0m1.898 ms - -[0m
[0mGET /game [36m304 [0m6.421 ms - -[0m
user disconnected
[0mGET /js/chat.js [36m304 [0m2.689 ms - -[0m
[0mGET /js/libs/socket.io.min.js [36m304 [0m3.095 ms - -[0m
[0mGET /stylesheets/style.css [36m304 [0m6.107 ms - -[0m
[0mGET / [32m200 [0m3.477 ms - 4366[0m
[0mGET /stylesheets/style.css [32m200 [0m2.241 ms - 1296[0m
user disconnected
[0mGET / [36m304 [0m6.370 ms - -[0m
[0mGET /stylesheets/style.css [36m304 [0m1.264 ms - -[0m
[0mGET /game [36m304 [0m4.629 ms - -[0m
[0mGET /stylesheets/style.css [36m304 [0m3.491 ms - -[0m
[0mGET /js/libs/socket.io.min.js [36m304 [0m5.794 ms - -[0m
[0mGET /js/chat.js [36m304 [0m1.709 ms - -[0m
[0mGET /stylesheets/style.css [36m304 [0m0.760 ms - -[0m
[0mGET /game [36m304 [0m9.875 ms - -[0m
user disconnected
[0mGET /js/chat.js [36m304 [0m6.550 ms - -[0m
[0mGET /js/libs/socket.io.min.js [36m304 [0m4.518 ms - -[0m
[0mGET /stylesheets/style.css [32m200 [0m8.000 ms - 1271[0m
[0mGET /game [36m304 [0m5.014 ms - -[0m
user disconnected
[0mGET /js/libs/socket.io.min.js [36m304 [0m6.537 ms - -[0m
[0mGET /js/chat.js [36m304 [0m7.588 ms - -[0m
[0mGET /stylesheets/style.css [36m304 [0m7.688 ms - -[0m
[0mGET /game [32m200 [0m14.678 ms - 2804[0m
[0mGET /stylesheets/style.css [32m200 [0m1.131 ms - 1271[0m
[0mGET /js/chat.js [32m200 [0m2.273 ms - 3444[0m
[0mGET /js/libs/socket.io.min.js [32m200 [0m6.171 ms - 72202[0m
[0mGET / [32m200 [0m27.658 ms - 4366[0m
[0mGET /stylesheets/style.css [32m200 [0m1.614 ms - 1271[0m
[0mGET /favicon.ico [33m404 [0m2.492 ms - 23[0m
[0mGET /game [32m200 [0m4.043 ms - 2804[0m
[0mGET /stylesheets/style.css [36m304 [0m1.181 ms - -[0m
[0mGET /js/chat.js [32m200 [0m8.444 ms - 3444[0m
[0mGET /js/libs/socket.io.min.js [32m200 [0m1.476 ms - 72202[0m
user disconnected
user disconnected
[0mGET /game [36m304 [0m10.102 ms - -[0m
user disconnected
[0mGET /stylesheets/style.css [36m304 [0m0.775 ms - -[0m
[0mGET /js/libs/socket.io.min.js [36m304 [0m2.011 ms - -[0m
[0mGET /js/chat.js [36m304 [0m2.499 ms - -[0m
user disconnected
user disconnected
user disconnected
user disconnected
user disconnected
user disconnected
user disconnected
user disconnected
[32m[nodemon] restarting due to changes...[39m
[32m[nodemon] starting `node /root/www/bin/www`[39m
[32m[nodemon] restarting due to changes...[39m
[32m[nodemon] starting `node /root/www/bin/www`[39m
user disconnected
[0mGET / [36m304 [0m32.955 ms - -[0m
[0mGET /stylesheets/style.css [32m200 [0m11.450 ms - 1271[0m
[0mGET /game [36m304 [0m7.746 ms - -[0m
[0mGET /stylesheets/style.css [36m304 [0m2.708 ms - -[0m
[0mGET /js/libs/socket.io.min.js [36m304 [0m3.502 ms - -[0m
[0mGET /js/chat.js [36m304 [0m3.420 ms - -[0m
[0mGET /game [36m304 [0m10.586 ms - -[0m
user disconnected
[0mGET /stylesheets/style.css [36m304 [0m3.216 ms - -[0m
[0mGET /js/libs/socket.io.min.js [36m304 [0m6.171 ms - -[0m
[0mGET /js/chat.js [36m304 [0m6.279 ms - -[0m
[0mGET /game [36m304 [0m3.820 ms - -[0m
user disconnected
[0mGET /stylesheets/style.css [36m304 [0m5.925 ms - -[0m
[0mGET /js/libs/socket.io.min.js [36m304 [0m6.092 ms - -[0m
[0mGET /js/chat.js [36m304 [0m0.899 ms - -[0m
[0mGET / [36m304 [0m4.029 ms - -[0m
user disconnected
[0mGET /stylesheets/style.css [36m304 [0m1.015 ms - -[0m
[0mGET /game [36m304 [0m9.103 ms - -[0m
[0mGET /stylesheets/style.css [36m304 [0m4.228 ms - -[0m
[0mGET /js/chat.js [36m304 [0m6.422 ms - -[0m
[0mGET /js/libs/socket.io.min.js [36m304 [0m6.835 ms - -[0m
[0mGET /stylesheets/style.css [36m304 [0m1.192 ms - -[0m
[0mGET /game [36m304 [0m6.383 ms - -[0m
user disconnected
[0mGET /js/chat.js [36m304 [0m4.378 ms - -[0m
[0mGET /js/libs/socket.io.min.js [36m304 [0m6.074 ms - -[0m
[0mGET /stylesheets/style.css [36m304 [0m7.805 ms - -[0m
[0mGET /game [36m304 [0m10.099 ms - -[0m
user disconnected
[0mGET /js/chat.js [36m304 [0m3.657 ms - -[0m
[0mGET /js/libs/socket.io.min.js [36m304 [0m5.587 ms - -[0m
[0mGET /stylesheets/style.css [32m200 [0m12.343 ms - 1321[0m
user disconnected
[0mGET / [32m200 [0m15.537 ms - 4366[0m
[0mGET /stylesheets/style.css [32m200 [0m1.814 ms - 1321[0m
[0mGET / [32m200 [0m6.627 ms - 4366[0m
[0mGET /stylesheets/style.css [32m200 [0m4.907 ms - 1321[0m
[0mGET /favicon.ico [33m404 [0m18.010 ms - 23[0m
[0mGET /game [32m200 [0m14.982 ms - 2804[0m
[0mGET /js/libs/socket.io.min.js [32m200 [0m1.620 ms - 72202[0m
[0mGET /stylesheets/style.css [36m304 [0m1.089 ms - -[0m
[0mGET /js/chat.js [32m200 [0m1.284 ms - 3444[0m
[0mGET /game [32m200 [0m4.865 ms - 2804[0m
[0mGET /stylesheets/style.css [36m304 [0m0.827 ms - -[0m
[0mGET /js/chat.js [32m200 [0m9.152 ms - 3444[0m
[0mGET /js/libs/socket.io.min.js [32m200 [0m13.318 ms - 72202[0m
user disconnected
user disconnected
user disconnected
user disconnected
user disconnected
[0mGET /favicon.ico [33m404 [0m5.583 ms - 23[0m
user disconnected
[0mGET / [36m304 [0m8.532 ms - -[0m
[0mGET /stylesheets/style.css [36m304 [0m1.802 ms - -[0m
[0mGET /game [36m304 [0m7.099 ms - -[0m
[0mGET /stylesheets/style.css [36m304 [0m1.060 ms - -[0m
[0mGET /js/libs/socket.io.min.js [36m304 [0m2.234 ms - -[0m
[0mGET /js/chat.js [36m304 [0m9.813 ms - -[0m
user disconnected
